# JRE version: Java(TM) SE Runtime Environment (9.0+11) (build 9.0.4+11)
# Java VM: Java HotSpot(TM) 64-Bit Server VM (9.0.4+11, mixed mode, tiered, compressed oops, g1 gc, linux-amd64)
Heap:
 garbage-first heap   total 221184K, used 23937K [0x00000000c4200000, 0x00000000c43006c0, 0x0000000100000000)
  region size 1024K, 1 young (1024K), 1 survivors (1024K)
 Metaspace       used 42836K, capacity 44726K, committed 44928K, reserved 1089536K
  class space    used 5067K, capacity 5421K, committed 5504K, reserved 1048576K
GC Heap History (10 events):
Event: 7.688 GC heap after
{Heap after GC invocations=11 (full 0):
 garbage-first heap   total 73728K, used 14604K [0x00000000c4200000, 0x00000000c4300240, 0x0000000100000000)
  region size 1024K, 2 young (2048K), 2 survivors (2048K)
 Metaspace       used 31642K, capacity 33132K, committed 33408K, reserved 1079296K
  class space    used 3652K, capacity 3928K, committed 3968K, reserved 1048576K
}
Event: 8.845 GC heap before
{Heap before GC invocations=11 (full 0):
 garbage-first heap   total 73728K, used 44300K [0x00000000c4200000, 0x00000000c4300240, 0x0000000100000000)
  region size 1024K, 32 young (32768K), 2 survivors (2048K)
 Metaspace       used 34449K, capacity 35940K, committed 36048K, reserved 1081344K
  class space    used 4050K, capacity 4332K, committed 4352K, reserved 1048576K
}
Event: 8.852 GC heap after
{Heap after GC invocations=12 (full 0):
 garbage-first heap   total 73728K, used 19955K [0x00000000c4200000, 0x00000000c4300240, 0x0000000100000000)
  region size 1024K, 6 young (6144K), 6 survivors (6144K)
 Metaspace       used 34449K, capacity 35940K, committed 36048K, reserved 1081344K
  class space    used 4050K, capacity 4332K, committed 4352K, reserved 1048576K
}
Event: 9.756 GC heap before
{Heap before GC invocations=13 (full 0):
 garbage-first heap   total 73728K, used 52723K [0x00000000c4200000, 0x00000000c4300240, 0x0000000100000000)
  region size 1024K, 38 young (38912K), 6 survivors (6144K)
 Metaspace       used 36037K, capacity 37684K, committed 37888K, reserved 1083392K
  class space    used 4217K, capacity 4524K, committed 4608K, reserved 1048576K
}
Event: 9.773 GC heap after
{Heap after GC invocations=14 (full 0):
 garbage-first heap   total 73728K, used 21419K [0x00000000c4200000, 0x00000000c4300240, 0x0000000100000000)
  region size 1024K, 3 young (3072K), 3 survivors (3072K)
 Metaspace       used 36037K, capacity 37684K, committed 37888K, reserved 1083392K
  class space    used 4217K, capacity 4524K, committed 4608K, reserved 1048576K
}
Event: 10.868 GC heap before
{Heap before GC invocations=14 (full 0):
 garbage-first heap   total 73728K, used 53163K [0x00000000c4200000, 0x00000000c4300240, 0x0000000100000000)
  region size 1024K, 34 young (34816K), 3 survivors (3072K)
 Metaspace       used 38380K, capacity 40128K, committed 40448K, reserved 1085440K
  class space    used 4490K, capacity 4796K, committed 4864K, reserved 1048576K
}
Event: 10.878 GC heap after
{Heap after GC invocations=15 (full 0):
 garbage-first heap   total 73728K, used 23440K [0x00000000c4200000, 0x00000000c4300240, 0x0000000100000000)
  region size 1024K, 5 young (5120K), 5 survivors (5120K)
 Metaspace       used 38380K, capacity 40128K, committed 40448K, reserved 1085440K
  class space    used 4490K, capacity 4796K, committed 4864K, reserved 1048576K
}
Event: 24.432 GC heap before
{Heap before GC invocations=15 (full 0):
 garbage-first heap   total 73728K, used 55184K [0x00000000c4200000, 0x00000000c4300240, 0x0000000100000000)
  region size 1024K, 36 young (36864K), 5 survivors (5120K)
 Metaspace       used 42742K, capacity 44630K, committed 44928K, reserved 1089536K
  class space    used 5053K, capacity 5389K, committed 5504K, reserved 1048576K
}
Event: 29.917 GC heap after
{Heap after GC invocations=16 (full 0):
 garbage-first heap   total 73728K, used 26288K [0x00000000c4200000, 0x00000000c4300240, 0x0000000100000000)
  region size 1024K, 5 young (5120K), 5 survivors (5120K)
 Metaspace       used 42742K, capacity 44630K, committed 44928K, reserved 1089536K
  class space    used 5053K, capacity 5389K, committed 5504K, reserved 1048576K
}
Event: 42.124 GC heap before
{Heap before GC invocations=16 (full 0):
 garbage-first heap   total 73728K, used 27312K [0x00000000c4200000, 0x00000000c4300240, 0x0000000100000000)
  region size 1024K, 6 young (6144K), 5 survivors (5120K)
 Metaspace       used 42836K, capacity 44726K, committed 44928K, reserved 1089536K
  class space    used 5067K, capacity 5421K, committed 5504K, reserved 1048576K
}

