# JRE version: Java(TM) SE Runtime Environment (9.0+11) (build 9.0.4+11)
# Java VM: Java HotSpot(TM) 64-Bit Server VM (9.0.4+11, mixed mode, tiered, compressed oops, g1 gc, linux-amd64)
Heap:
 garbage-first heap   total 184320K, used 9572K [0x00000000c4200000, 0x00000000c43005a0, 0x0000000100000000)
  region size 1024K, 2 young (2048K), 2 survivors (2048K)
 Metaspace       used 15944K, capacity 16386K, committed 16640K, reserved 1064960K
  class space    used 1613K, capacity 1702K, committed 1792K, reserved 1048576K
GC Heap History (9 events):
Event: 3.423 GC heap before
{Heap before GC invocations=0 (full 0):
 garbage-first heap   total 61440K, used 14336K [0x00000000c4200000, 0x00000000c43001e0, 0x0000000100000000)
  region size 1024K, 14 young (14336K), 0 survivors (0K)
 Metaspace       used 9907K, capacity 10230K, committed 10496K, reserved 1058816K
  class space    used 913K, capacity 1004K, committed 1024K, reserved 1048576K
}
Event: 3.612 GC heap after
{Heap after GC invocations=1 (full 0):
 garbage-first heap   total 61440K, used 6810K [0x00000000c4200000, 0x00000000c43001e0, 0x0000000100000000)
  region size 1024K, 2 young (2048K), 2 survivors (2048K)
 Metaspace       used 9907K, capacity 10230K, committed 10496K, reserved 1058816K
  class space    used 913K, capacity 1004K, committed 1024K, reserved 1048576K
}
Event: 5.932 GC heap before
{Heap before GC invocations=1 (full 0):
 garbage-first heap   total 61440K, used 10906K [0x00000000c4200000, 0x00000000c43001e0, 0x0000000100000000)
  region size 1024K, 6 young (6144K), 2 survivors (2048K)
 Metaspace       used 10559K, capacity 10820K, committed 11136K, reserved 1058816K
  class space    used 987K, capacity 1069K, committed 1152K, reserved 1048576K
}
Event: 6.249 GC heap after
{Heap after GC invocations=2 (full 0):
 garbage-first heap   total 61440K, used 7170K [0x00000000c4200000, 0x00000000c43001e0, 0x0000000100000000)
  region size 1024K, 1 young (1024K), 1 survivors (1024K)
 Metaspace       used 10559K, capacity 10820K, committed 11136K, reserved 1058816K
  class space    used 987K, capacity 1069K, committed 1152K, reserved 1048576K
}
Event: 8.577 GC heap before
{Heap before GC invocations=2 (full 0):
 garbage-first heap   total 61440K, used 9218K [0x00000000c4200000, 0x00000000c43001e0, 0x0000000100000000)
  region size 1024K, 3 young (3072K), 1 survivors (1024K)
 Metaspace       used 10989K, capacity 11332K, committed 11392K, reserved 1058816K
  class space    used 1044K, capacity 1133K, committed 1152K, reserved 1048576K
}
Event: 8.580 GC heap after
{Heap after GC invocations=3 (full 0):
 garbage-first heap   total 61440K, used 7105K [0x00000000c4200000, 0x00000000c43001e0, 0x0000000100000000)
  region size 1024K, 1 young (1024K), 1 survivors (1024K)
 Metaspace       used 10989K, capacity 11332K, committed 11392K, reserved 1058816K
  class space    used 1044K, capacity 1133K, committed 1152K, reserved 1048576K
}
Event: 14.893 GC heap before
{Heap before GC invocations=3 (full 0):
 garbage-first heap   total 61440K, used 27585K [0x00000000c4200000, 0x00000000c43001e0, 0x0000000100000000)
  region size 1024K, 21 young (21504K), 1 survivors (1024K)
 Metaspace       used 13673K, capacity 14030K, committed 14336K, reserved 1062912K
  class space    used 1350K, capacity 1420K, committed 1536K, reserved 1048576K
}
Event: 15.419 GC heap after
{Heap after GC invocations=4 (full 0):
 garbage-first heap   total 61440K, used 9329K [0x00000000c4200000, 0x00000000c43001e0, 0x0000000100000000)
  region size 1024K, 3 young (3072K), 3 survivors (3072K)
 Metaspace       used 13673K, capacity 14030K, committed 14336K, reserved 1062912K
  class space    used 1350K, capacity 1420K, committed 1536K, reserved 1048576K
}
Event: 19.468 GC heap before
{Heap before GC invocations=4 (full 0):
 garbage-first heap   total 61440K, used 25713K [0x00000000c4200000, 0x00000000c43001e0, 0x0000000100000000)
  region size 1024K, 19 young (19456K), 3 survivors (3072K)
 Metaspace       used 15944K, capacity 16386K, committed 16640K, reserved 1064960K
  class space    used 1613K, capacity 1702K, committed 1792K, reserved 1048576K
}

